<?xml version="1.0" encoding="UTF-8" ?>
<testsuite failures="0" time="0" errors="0" skipped="0" tests="5" name="com.ar.springex.service.SimpleProductManagerTest">
  <properties>
[...]
</properties>
  <testcase time="0" classname="com.ar.springex.service.SimpleProductManagerTest" name="testIncreasePriceWithNullListOfProducts"/>
  <testcase time="0" classname="com.ar.springex.service.SimpleProductManagerTest" name="testGetProducts"/>
  <testcase time="0" classname="com.ar.springex.service.SimpleProductManagerTest" name="testIncreasePriceWithEmptyListOfProducts"/>
  <testcase time="0" classname="com.ar.springex.service.SimpleProductManagerTest" name="testGetProductsWithNoProducts"/>
  <testcase time="0" classname="com.ar.springex.service.SimpleProductManagerTest" name="testIncreasePriceWithPositivePercentage"/>
</testsuite>